2023-01-03 14:21:23,373 [INFO] Activator:177 - 


2023-01-03 14:21:23,373 [INFO] Activator:178 - !SESSION log4j initialized
2023-01-03 14:21:33,012 [INFO] McuFinderGlobals:39 - Set McuFinder mode to 2 (CubeIDE integrated)
2023-01-03 14:21:33,124 [INFO] ApplicationProperties:181 - Using Application install path: D:\Workspace_DEEP\STM32CubeIDE_1.7.0\STM32CubeIDE\plugins\com.st.stm32cube.common.mx_6.3.0.202107141111
2023-01-03 14:21:33,132 [INFO] DbMcusXml:74 - Set database path to: D:\Workspace_DEEP\STM32CubeIDE_1.7.0\STM32CubeIDE\plugins\com.st.stm32cube.common.mx_6.3.0.202107141111\\db\/mcu/
2023-01-03 14:21:33,132 [INFO] DbBoardsPdsc:56 - Set plugin database path to: D:\Workspace_DEEP\STM32CubeIDE_1.7.0\STM32CubeIDE\plugins\com.st.stm32cube.common.mx_6.3.0.202107141111\\db\/plugins/boardmanager/
2023-01-03 14:21:33,212 [INFO] DbMcus:258 - Set plugin images path to: D:\Workspace_DEEP\STM32CubeIDE_1.7.0\STM32CubeIDE\plugins\com.st.stm32cube.common.mx_6.3.0.202107141111\\db\/plugins/mcufinder/images/
2023-01-03 14:21:33,212 [INFO] DbBoards:264 - Set plugin images path to: D:\Workspace_DEEP\STM32CubeIDE_1.7.0\STM32CubeIDE\plugins\com.st.stm32cube.common.mx_6.3.0.202107141111\\db\/plugins/mcufinder/images/
2023-01-03 14:21:33,220 [INFO] DbExamples:333 - Set plugin images path to: D:\Workspace_DEEP\STM32CubeIDE_1.7.0\STM32CubeIDE\plugins\com.st.stm32cube.common.mx_6.3.0.202107141111\\db\/plugins/mcufinder/images/
2023-01-03 14:21:33,228 [INFO] DbMcusAds:119 - Set database path to: C:\Users\matis\.stmcufinder\plugins\mcufinder//mcu/
2023-01-03 14:21:33,233 [INFO] DbMcusDocs:110 - Set database path to: C:\Users\matis\.stmcufinder\plugins\mcufinder//mcu/
2023-01-03 14:21:33,233 [INFO] DbMcusJson:64 - Set database path to: C:\Users\matis\.stmcufinder\plugins\mcufinder//mcu/
2023-01-03 14:21:33,233 [INFO] DbBoardsDocs:110 - Set database path to: C:\Users\matis\.stmcufinder\plugins\mcufinder//mcu/
2023-01-03 14:21:33,233 [INFO] DbBoardsJson:57 - Set database path to: C:\Users\matis\.stmcufinder\plugins\mcufinder//mcu/
2023-01-03 14:21:33,241 [INFO] CrossReferenceDbSqlite:196 - Set database path to: C:\Users\matis\.stmcufinder\plugins\mcufinder//mcu/cs/
2023-01-03 14:21:33,250 [INFO] DbExamplesSqlite:767 - Set database path to: C:\Users\matis\.stmcufinder\plugins\mcufinder//mcu/
2023-01-03 14:21:33,322 [INFO] RulesReader:57 - Compatibility file has been processed (242 Rules)
2023-01-03 14:21:33,385 [INFO] DbMcusXml:74 - Set database path to: D:\Workspace_DEEP\STM32CubeIDE_1.7.0\STM32CubeIDE\plugins\com.st.stm32cube.common.mx_6.3.0.202107141111\\db\/mcu/
2023-01-03 14:21:33,385 [INFO] DbBoardsPdsc:56 - Set plugin database path to: D:\Workspace_DEEP\STM32CubeIDE_1.7.0\STM32CubeIDE\plugins\com.st.stm32cube.common.mx_6.3.0.202107141111\\db\/plugins/boardmanager/
2023-01-03 14:21:33,385 [INFO] DbMcus:258 - Set plugin images path to: D:\Workspace_DEEP\STM32CubeIDE_1.7.0\STM32CubeIDE\plugins\com.st.stm32cube.common.mx_6.3.0.202107141111\\db\/plugins/mcufinder/images/
2023-01-03 14:21:33,385 [INFO] DbBoards:264 - Set plugin images path to: D:\Workspace_DEEP\STM32CubeIDE_1.7.0\STM32CubeIDE\plugins\com.st.stm32cube.common.mx_6.3.0.202107141111\\db\/plugins/mcufinder/images/
2023-01-03 14:21:33,385 [INFO] DbExamples:333 - Set plugin images path to: D:\Workspace_DEEP\STM32CubeIDE_1.7.0\STM32CubeIDE\plugins\com.st.stm32cube.common.mx_6.3.0.202107141111\\db\/plugins/mcufinder/images/
2023-01-03 14:21:33,385 [WARN] DbFile:35 - Overriding database path with different value: C:\Users\matis\.stmcufinder\plugins\mcufinder/ => C:\Users\matis\.stmcufinder\plugins\mcufinder
2023-01-03 14:21:33,385 [INFO] DbMcusAds:119 - Set database path to: C:\Users\matis\.stmcufinder\plugins\mcufinder//mcu/
2023-01-03 14:21:33,385 [WARN] DbFile:35 - Overriding database path with different value: C:\Users\matis\.stmcufinder\plugins\mcufinder/ => C:\Users\matis\.stmcufinder\plugins\mcufinder
2023-01-03 14:21:33,385 [INFO] DbMcusDocs:110 - Set database path to: C:\Users\matis\.stmcufinder\plugins\mcufinder//mcu/
2023-01-03 14:21:33,385 [WARN] DbFile:35 - Overriding database path with different value: C:\Users\matis\.stmcufinder\plugins\mcufinder/ => C:\Users\matis\.stmcufinder\plugins\mcufinder
2023-01-03 14:21:33,385 [INFO] DbMcusJson:64 - Set database path to: C:\Users\matis\.stmcufinder\plugins\mcufinder//mcu/
2023-01-03 14:21:33,385 [WARN] DbFile:35 - Overriding database path with different value: C:\Users\matis\.stmcufinder\plugins\mcufinder/ => C:\Users\matis\.stmcufinder\plugins\mcufinder
2023-01-03 14:21:33,385 [INFO] DbBoardsDocs:110 - Set database path to: C:\Users\matis\.stmcufinder\plugins\mcufinder//mcu/
2023-01-03 14:21:33,385 [WARN] DbFile:35 - Overriding database path with different value: C:\Users\matis\.stmcufinder\plugins\mcufinder/ => C:\Users\matis\.stmcufinder\plugins\mcufinder
2023-01-03 14:21:33,385 [INFO] DbBoardsJson:57 - Set database path to: C:\Users\matis\.stmcufinder\plugins\mcufinder//mcu/
2023-01-03 14:21:33,385 [WARN] DbFile:35 - Overriding database path with different value: C:\Users\matis\.stmcufinder\plugins\mcufinder/ => C:\Users\matis\.stmcufinder\plugins\mcufinder
2023-01-03 14:21:33,385 [WARN] DbFile:35 - Overriding database path with different value: C:\Users\matis\.stmcufinder\plugins\mcufinder/ => C:\Users\matis\.stmcufinder\plugins\mcufinder
2023-01-03 14:21:33,385 [INFO] CrossReferenceDbSqlite:196 - Set database path to: C:\Users\matis\.stmcufinder\plugins\mcufinder//mcu/cs/
2023-01-03 14:21:33,385 [WARN] DbFile:35 - Overriding database path with different value: C:\Users\matis\.stmcufinder\plugins\mcufinder/ => C:\Users\matis\.stmcufinder\plugins\mcufinder
2023-01-03 14:21:33,385 [INFO] DbExamplesSqlite:767 - Set database path to: C:\Users\matis\.stmcufinder\plugins\mcufinder//mcu/
2023-01-03 14:21:33,435 [INFO] MainPanel:214 - HeapMemory: 268435456
2023-01-03 14:21:33,488 [INFO] DbMcusXml:74 - Set database path to: D:\Workspace_DEEP\STM32CubeIDE_1.7.0\STM32CubeIDE\plugins\com.st.stm32cube.common.mx_6.3.0.202107141111\\db\/mcu/
2023-01-03 14:21:33,488 [INFO] DbBoardsPdsc:56 - Set plugin database path to: D:\Workspace_DEEP\STM32CubeIDE_1.7.0\STM32CubeIDE\plugins\com.st.stm32cube.common.mx_6.3.0.202107141111\\db\/plugins/boardmanager/
2023-01-03 14:21:33,488 [INFO] DbMcus:258 - Set plugin images path to: D:\Workspace_DEEP\STM32CubeIDE_1.7.0\STM32CubeIDE\plugins\com.st.stm32cube.common.mx_6.3.0.202107141111\\db\/plugins/mcufinder/images/
2023-01-03 14:21:33,488 [INFO] DbBoards:264 - Set plugin images path to: D:\Workspace_DEEP\STM32CubeIDE_1.7.0\STM32CubeIDE\plugins\com.st.stm32cube.common.mx_6.3.0.202107141111\\db\/plugins/mcufinder/images/
2023-01-03 14:21:33,488 [INFO] DbExamples:333 - Set plugin images path to: D:\Workspace_DEEP\STM32CubeIDE_1.7.0\STM32CubeIDE\plugins\com.st.stm32cube.common.mx_6.3.0.202107141111\\db\/plugins/mcufinder/images/
2023-01-03 14:21:33,488 [WARN] DbFile:35 - Overriding database path with different value: C:\Users\matis\.stmcufinder\plugins\mcufinder/ => C:\Users\matis\.stmcufinder\plugins\mcufinder
2023-01-03 14:21:33,488 [INFO] DbMcusAds:119 - Set database path to: C:\Users\matis\.stmcufinder\plugins\mcufinder//mcu/
2023-01-03 14:21:33,488 [WARN] DbFile:35 - Overriding database path with different value: C:\Users\matis\.stmcufinder\plugins\mcufinder/ => C:\Users\matis\.stmcufinder\plugins\mcufinder
2023-01-03 14:21:33,488 [INFO] DbMcusDocs:110 - Set database path to: C:\Users\matis\.stmcufinder\plugins\mcufinder//mcu/
2023-01-03 14:21:33,488 [WARN] DbFile:35 - Overriding database path with different value: C:\Users\matis\.stmcufinder\plugins\mcufinder/ => C:\Users\matis\.stmcufinder\plugins\mcufinder
2023-01-03 14:21:33,488 [INFO] DbMcusJson:64 - Set database path to: C:\Users\matis\.stmcufinder\plugins\mcufinder//mcu/
2023-01-03 14:21:33,488 [WARN] DbFile:35 - Overriding database path with different value: C:\Users\matis\.stmcufinder\plugins\mcufinder/ => C:\Users\matis\.stmcufinder\plugins\mcufinder
2023-01-03 14:21:33,488 [INFO] DbBoardsDocs:110 - Set database path to: C:\Users\matis\.stmcufinder\plugins\mcufinder//mcu/
2023-01-03 14:21:33,488 [WARN] DbFile:35 - Overriding database path with different value: C:\Users\matis\.stmcufinder\plugins\mcufinder/ => C:\Users\matis\.stmcufinder\plugins\mcufinder
2023-01-03 14:21:33,488 [INFO] DbBoardsJson:57 - Set database path to: C:\Users\matis\.stmcufinder\plugins\mcufinder//mcu/
2023-01-03 14:21:33,488 [WARN] DbFile:35 - Overriding database path with different value: C:\Users\matis\.stmcufinder\plugins\mcufinder/ => C:\Users\matis\.stmcufinder\plugins\mcufinder
2023-01-03 14:21:33,488 [WARN] DbFile:35 - Overriding database path with different value: C:\Users\matis\.stmcufinder\plugins\mcufinder/ => C:\Users\matis\.stmcufinder\plugins\mcufinder
2023-01-03 14:21:33,488 [INFO] CrossReferenceDbSqlite:196 - Set database path to: C:\Users\matis\.stmcufinder\plugins\mcufinder//mcu/cs/
2023-01-03 14:21:33,488 [WARN] DbFile:35 - Overriding database path with different value: C:\Users\matis\.stmcufinder\plugins\mcufinder/ => C:\Users\matis\.stmcufinder\plugins\mcufinder
2023-01-03 14:21:33,488 [INFO] DbExamplesSqlite:767 - Set database path to: C:\Users\matis\.stmcufinder\plugins\mcufinder//mcu/
2023-01-03 14:21:33,509 [INFO] ApplicationProperties:181 - Using Application install path: D:\Workspace_DEEP\STM32CubeIDE_1.7.0\STM32CubeIDE\plugins\com.st.stm32cube.common.mx_6.3.0.202107141111
2023-01-03 14:21:33,509 [INFO] PluginManage:188 - Search for loadable plugins [exclusion list=, ]
2023-01-03 14:21:33,509 [INFO] PluginManage:302 - Check plugin analytics
2023-01-03 14:21:33,637 [INFO] AnalyticsPlugin:257 - Accepted Software Licenses: 
2023-01-03 14:21:33,637 [INFO] AnalyticsPlugin:259 - Accepted CMSIS Pack Licenses: 
2023-01-03 14:21:33,637 [INFO] AnalyticsPlugin:261 - Accepted Firmware Licenses: 
2023-01-03 14:21:33,637 [INFO] PluginManage:352 - Loaded plugin analytics (category:tool,tabindex:-1)
2023-01-03 14:21:33,637 [INFO] PluginManage:302 - Check plugin clock
2023-01-03 14:21:33,645 [INFO] PluginManage:352 - Loaded plugin clock (category:base,tabindex:2)
2023-01-03 14:21:33,645 [INFO] PluginManage:302 - Check plugin ddr
2023-01-03 14:21:33,645 [INFO] PluginManage:352 - Loaded plugin ddr (category:tool,tabindex:6)
2023-01-03 14:21:33,645 [INFO] PluginManage:302 - Check plugin filemanager
2023-01-03 14:21:33,766 [INFO] PluginManage:352 - Loaded plugin filemanager (category:base,tabindex:10)
2023-01-03 14:21:33,766 [INFO] PluginManage:302 - Check plugin ipmanager
2023-01-03 14:21:33,776 [INFO] PluginManage:352 - Loaded plugin ipmanager (category:base,tabindex:5)
2023-01-03 14:21:33,776 [INFO] PluginManage:302 - Check plugin pinoutandconfiguration
2023-01-03 14:21:33,784 [INFO] PluginManage:352 - Loaded plugin pinoutandconfiguration (category:base,tabindex:1)
2023-01-03 14:21:33,784 [INFO] PluginManage:302 - Check plugin pinoutconfig
2023-01-03 14:21:33,899 [INFO] PluginManage:352 - Loaded plugin pinoutconfig (category:base,tabindex:0)
2023-01-03 14:21:33,899 [INFO] PluginManage:302 - Check plugin power
2023-01-03 14:21:33,915 [INFO] PluginManage:352 - Loaded plugin power (category:power,tabindex:4)
2023-01-03 14:21:33,915 [INFO] PluginManage:302 - Check plugin projectmanager
2023-01-03 14:21:33,949 [INFO] PluginManage:352 - Loaded plugin projectmanager (category:projectmanager,tabindex:3)
2023-01-03 14:21:33,949 [INFO] PluginManage:302 - Check plugin thirdparty
2023-01-03 14:21:34,085 [INFO] PluginManage:352 - Loaded plugin thirdparty (category:base,tabindex:-1)
2023-01-03 14:21:34,085 [INFO] PluginManage:302 - Check plugin tools
2023-01-03 14:21:34,085 [WARN] IntegrityCheckThread:78 - waiting for thirdparty lock release [integrity check]
2023-01-03 14:21:34,085 [INFO] IntegrityCheckThread:80 - entering critical section [integrity check]
2023-01-03 14:21:34,085 [INFO] ThirdPartyUpdaterWithRetryManager:66 - Updater plugin not ready yet. [1/15]
2023-01-03 14:21:34,093 [INFO] PluginManage:352 - Loaded plugin tools (category:base,tabindex:7)
2023-01-03 14:21:34,093 [INFO] PluginManage:302 - Check plugin tutovideos
2023-01-03 14:21:34,253 [INFO] PluginManage:352 - Loaded plugin tutovideos (category:base,tabindex:-1)
2023-01-03 14:21:34,253 [INFO] PluginManage:302 - Check plugin updater
2023-01-03 14:21:34,261 [INFO] PluginManage:352 - Loaded plugin updater (category:base,tabindex:12)
2023-01-03 14:21:34,261 [INFO] PluginManage:275 - PluginManage : Loaded plugins [13]
2023-01-03 14:21:34,508 [INFO] PinOutPanel:1463 - setPackage(No Configuration,No Configuration)
2023-01-03 14:21:34,584 [INFO] IPUIPlugin:74 - create IPUIPlugin
2023-01-03 14:21:34,584 [INFO] PluginManager:213 - loadIPPluginJar : add adc
2023-01-03 14:21:34,584 [INFO] IPUIPlugin:74 - create IPUIPlugin
2023-01-03 14:21:34,584 [INFO] PluginManager:213 - loadIPPluginJar : add aes
2023-01-03 14:21:34,584 [INFO] IPUIPlugin:74 - create IPUIPlugin
2023-01-03 14:21:34,584 [INFO] PluginManager:213 - loadIPPluginJar : add can
2023-01-03 14:21:34,584 [INFO] IPUIPlugin:74 - create IPUIPlugin
2023-01-03 14:21:34,584 [INFO] PluginManager:213 - loadIPPluginJar : add comp
2023-01-03 14:21:34,584 [INFO] IPUIPlugin:74 - create IPUIPlugin
2023-01-03 14:21:34,584 [INFO] PluginManager:213 - loadIPPluginJar : add cryp
2023-01-03 14:21:34,592 [INFO] IPUIPlugin:74 - create IPUIPlugin
2023-01-03 14:21:34,592 [INFO] PluginManager:213 - loadIPPluginJar : add dfsdm
2023-01-03 14:21:34,592 [INFO] IPUIPlugin:74 - create IPUIPlugin
2023-01-03 14:21:34,592 [INFO] PluginManager:213 - loadIPPluginJar : add dma
2023-01-03 14:21:34,592 [INFO] IPUIPlugin:74 - create IPUIPlugin
2023-01-03 14:21:34,592 [INFO] PluginManager:213 - loadIPPluginJar : add dma3
2023-01-03 14:21:34,600 [INFO] IPUIPlugin:74 - create IPUIPlugin
2023-01-03 14:21:34,600 [INFO] PluginManager:213 - loadIPPluginJar : add fatfs
2023-01-03 14:21:34,600 [INFO] IPUIPlugin:74 - create IPUIPlugin
2023-01-03 14:21:34,600 [INFO] PluginManager:213 - loadIPPluginJar : add fmc
2023-01-03 14:21:34,600 [INFO] IPUIPlugin:74 - create IPUIPlugin
2023-01-03 14:21:34,608 [INFO] PluginManager:213 - loadIPPluginJar : add freertos
2023-01-03 14:21:34,608 [INFO] IPUIPlugin:74 - create IPUIPlugin
2023-01-03 14:21:34,608 [INFO] PluginManager:213 - loadIPPluginJar : add genericplugin
2023-01-03 14:21:34,608 [INFO] IPUIPlugin:74 - create IPUIPlugin
2023-01-03 14:21:34,608 [INFO] PluginManager:213 - loadIPPluginJar : add gfxmmu
2023-01-03 14:21:34,608 [INFO] IPUIPlugin:74 - create IPUIPlugin
2023-01-03 14:21:34,608 [INFO] PluginManager:213 - loadIPPluginJar : add gic
2023-01-03 14:21:34,616 [INFO] IPUIPlugin:74 - create IPUIPlugin
2023-01-03 14:21:34,616 [INFO] PluginManager:213 - loadIPPluginJar : add gpio
2023-01-03 14:21:34,616 [INFO] IPUIPlugin:74 - create IPUIPlugin
2023-01-03 14:21:34,616 [INFO] PluginManager:213 - loadIPPluginJar : add gtzc
2023-01-03 14:21:34,616 [INFO] IPUIPlugin:74 - create IPUIPlugin
2023-01-03 14:21:34,616 [INFO] PluginManager:213 - loadIPPluginJar : add hash
2023-01-03 14:21:34,616 [INFO] IPUIPlugin:74 - create IPUIPlugin
2023-01-03 14:21:34,616 [INFO] PluginManager:213 - loadIPPluginJar : add i2c
2023-01-03 14:21:34,616 [INFO] IPUIPlugin:74 - create IPUIPlugin
2023-01-03 14:21:34,616 [INFO] PluginManager:213 - loadIPPluginJar : add i2s
2023-01-03 14:21:34,624 [INFO] IPUIPlugin:74 - create IPUIPlugin
2023-01-03 14:21:34,624 [INFO] PluginManager:213 - loadIPPluginJar : add ipddr
2023-01-03 14:21:34,624 [INFO] IPUIPlugin:74 - create IPUIPlugin
2023-01-03 14:21:34,624 [INFO] PluginManager:213 - loadIPPluginJar : add linkedlist
2023-01-03 14:21:34,632 [INFO] IPUIPlugin:74 - create IPUIPlugin
2023-01-03 14:21:34,632 [INFO] PluginManager:213 - loadIPPluginJar : add lorawan
2023-01-03 14:21:34,632 [INFO] IPUIPlugin:74 - create IPUIPlugin
2023-01-03 14:21:34,632 [INFO] PluginManager:213 - loadIPPluginJar : add ltdc
2023-01-03 14:21:34,632 [INFO] IPUIPlugin:74 - create IPUIPlugin
2023-01-03 14:21:34,632 [INFO] PluginManager:213 - loadIPPluginJar : add mdma
2023-01-03 14:21:34,632 [INFO] IPUIPlugin:74 - create IPUIPlugin
2023-01-03 14:21:34,632 [INFO] PluginManager:213 - loadIPPluginJar : add nvic
2023-01-03 14:21:34,640 [INFO] IPUIPlugin:74 - create IPUIPlugin
2023-01-03 14:21:34,640 [INFO] PluginManager:213 - loadIPPluginJar : add opamp
2023-01-03 14:21:34,640 [INFO] IPUIPlugin:74 - create IPUIPlugin
2023-01-03 14:21:34,640 [INFO] PluginManager:213 - loadIPPluginJar : add openamp
2023-01-03 14:21:34,640 [INFO] IPUIPlugin:74 - create IPUIPlugin
2023-01-03 14:21:34,640 [INFO] PluginManager:213 - loadIPPluginJar : add pdm2pcm
2023-01-03 14:21:34,648 [INFO] IPUIPlugin:74 - create IPUIPlugin
2023-01-03 14:21:34,648 [INFO] PluginManager:213 - loadIPPluginJar : add plateformsettings
2023-01-03 14:21:34,648 [INFO] IPUIPlugin:74 - create IPUIPlugin
2023-01-03 14:21:34,648 [INFO] PluginManager:213 - loadIPPluginJar : add quadspi
2023-01-03 14:21:34,648 [INFO] IPUIPlugin:74 - create IPUIPlugin
2023-01-03 14:21:34,648 [INFO] PluginManager:213 - loadIPPluginJar : add resmgrutility
2023-01-03 14:21:34,656 [INFO] IPUIPlugin:74 - create IPUIPlugin
2023-01-03 14:21:34,656 [INFO] PluginManager:213 - loadIPPluginJar : add sai
2023-01-03 14:21:34,656 [INFO] IPUIPlugin:74 - create IPUIPlugin
2023-01-03 14:21:34,656 [INFO] PluginManager:213 - loadIPPluginJar : add spi
2023-01-03 14:21:34,656 [INFO] IPUIPlugin:74 - create IPUIPlugin
2023-01-03 14:21:34,656 [INFO] PluginManager:213 - loadIPPluginJar : add stm32_wpan
2023-01-03 14:21:34,656 [INFO] IPUIPlugin:74 - create IPUIPlugin
2023-01-03 14:21:34,656 [INFO] PluginManager:213 - loadIPPluginJar : add tim
2023-01-03 14:21:34,664 [INFO] IPUIPlugin:74 - create IPUIPlugin
2023-01-03 14:21:34,664 [INFO] PluginManager:213 - loadIPPluginJar : add touchsensing
2023-01-03 14:21:34,664 [INFO] IPUIPlugin:74 - create IPUIPlugin
2023-01-03 14:21:34,664 [INFO] PluginManager:213 - loadIPPluginJar : add tracer_emb
2023-01-03 14:21:34,664 [INFO] IPUIPlugin:74 - create IPUIPlugin
2023-01-03 14:21:34,664 [INFO] PluginManager:213 - loadIPPluginJar : add ts
2023-01-03 14:21:34,672 [INFO] IPUIPlugin:74 - create IPUIPlugin
2023-01-03 14:21:34,672 [INFO] PluginManager:213 - loadIPPluginJar : add tsc
2023-01-03 14:21:34,672 [INFO] IPUIPlugin:74 - create IPUIPlugin
2023-01-03 14:21:34,672 [INFO] PluginManager:213 - loadIPPluginJar : add ucpd
2023-01-03 14:21:34,672 [INFO] IPUIPlugin:74 - create IPUIPlugin
2023-01-03 14:21:34,672 [INFO] PluginManager:213 - loadIPPluginJar : add usart
2023-01-03 14:21:34,680 [INFO] IPUIPlugin:74 - create IPUIPlugin
2023-01-03 14:21:34,680 [INFO] PluginManager:213 - loadIPPluginJar : add usbx
2023-01-03 14:21:35,254 [FATAL] Updater:294 - Updater called before beeing initialized
2023-01-03 14:21:35,369 [FATAL] Updater:294 - Updater called before beeing initialized
2023-01-03 14:21:35,378 [INFO] DbMcusAds:47 - JSON generation date=Thu Sep 30 08:55:09 CEST 2021 (1632984909377)
2023-01-03 14:21:35,378 [FATAL] Updater:294 - Updater called before beeing initialized
2023-01-03 14:21:35,418 [WARN] DetailPanel:314 - Failed to get advertising image, set to default
2023-01-03 14:21:35,514 [FATAL] Updater:294 - Updater called before beeing initialized
2023-01-03 14:21:35,514 [FATAL] Updater:294 - Updater called before beeing initialized
2023-01-03 14:21:35,514 [FATAL] Updater:294 - Updater called before beeing initialized
2023-01-03 14:21:35,514 [WARN] DetailPanel:314 - Failed to get advertising image, set to default
2023-01-03 14:21:35,514 [FATAL] Updater:294 - Updater called before beeing initialized
2023-01-03 14:21:35,559 [ERROR] Updater:1075 - MainUpdater not yet initialized. External WinMGr cannot be set.
2023-01-03 14:21:35,567 [INFO] Updater:1012 - Updater Version found : 6.3.0
2023-01-03 14:21:35,579 [INFO] ApplicationProperties:181 - Using Application install path: D:\Workspace_DEEP\STM32CubeIDE_1.7.0\STM32CubeIDE\plugins\com.st.stm32cube.common.mx_6.3.0.202107141111
2023-01-03 14:21:36,090 [INFO] MainUpdater:2671 - connection check result : 10
2023-01-03 14:21:36,090 [INFO] MainUpdater:265 - Updater Check For Update Now.
2023-01-03 14:21:36,090 [INFO] MicroXplorer:478 - Change Database Version : DB.6.0.30
2023-01-03 14:21:36,276 [INFO] CheckServerUpdateThread:112 - End of CheckServer Thread
2023-01-03 14:21:36,318 [INFO] MainUpdater:2671 - connection check result : 10
2023-01-03 14:21:37,348 [WARN] PackLoader:238 - Cannot read IP mode file for STMicroelectronics.X-CUBE-GNSS1.6.0.0
2023-01-03 14:21:37,397 [WARN] PackLoader:238 - Cannot read IP mode file for STMicroelectronics.X-CUBE-AZRTOS-F4.1.1.0
2023-01-03 14:21:37,464 [WARN] PackLoader:238 - Cannot read IP mode file for STMicroelectronics.X-CUBE-AZRTOS-F7.1.1.0
2023-01-03 14:21:37,480 [WARN] PackLoader:238 - Cannot read IP mode file for STMicroelectronics.X-CUBE-BLE1.6.2.3
2023-01-03 14:21:37,480 [WARN] PackLoader:238 - Cannot read IP mode file for STMicroelectronics.X-CUBE-BLE1.6.2.4
2023-01-03 14:21:37,488 [WARN] PackLoader:238 - Cannot read IP mode file for STMicroelectronics.X-CUBE-NFC4.2.0.5
2023-01-03 14:21:37,509 [WARN] PackLoader:238 - Cannot read IP mode file for STMicroelectronics.X-CUBE-NFC4.2.0.4
2023-01-03 14:21:37,534 [WARN] PackLoader:238 - Cannot read IP mode file for STMicroelectronics.X-CUBE-TOF1.3.1.0
2023-01-03 14:21:37,550 [WARN] PackLoader:238 - Cannot read IP mode file for wolfSSL.I-CUBE-wolfSSL.5.5.0
2023-01-03 14:21:37,559 [WARN] PackLoader:238 - Cannot read IP mode file for STMicroelectronics.X-CUBE-NFC7.1.0.0
2023-01-03 14:21:37,614 [WARN] PackLoader:238 - Cannot read IP mode file for STMicroelectronics.X-CUBE-MEMS1.9.3.0
2023-01-03 14:21:37,758 [WARN] PackLoader:238 - Cannot read IP mode file for STMicroelectronics.X-CUBE-EEPRMA1.4.1.0
2023-01-03 14:21:37,845 [WARN] PackLoader:238 - Cannot read IP mode file for STMicroelectronics.X-CUBE-AI.7.2.0
2023-01-03 14:21:37,862 [WARN] PackLoader:238 - Cannot read IP mode file for STMicroelectronics.X-CUBE-SFXS2LP1.4.0.0
2023-01-03 14:21:37,883 [WARN] PackLoader:238 - Cannot read IP mode file for STMicroelectronics.X-CUBE-BLE2.3.3.0
2023-01-03 14:21:37,915 [WARN] PackLoader:238 - Cannot read IP mode file for STMicroelectronics.X-CUBE-DISPLAY.2.2.0
2023-01-03 14:21:37,933 [WARN] PackLoader:238 - Cannot read IP mode file for STMicroelectronics.X-CUBE-TOF1.3.2.0
2023-01-03 14:21:37,980 [WARN] PackLoader:238 - Cannot read IP mode file for STMicroelectronics.X-CUBE-AZRTOS-H7.3.0.0
2023-01-03 14:21:37,988 [WARN] PackLoader:238 - Cannot read IP mode file for STMicroelectronics.X-CUBE-ISPU.1.0.0
2023-01-03 14:21:37,997 [WARN] PackLoader:238 - Cannot read IP mode file for STMicroelectronics.X-CUBE-ISPU.1.1.0
2023-01-03 14:21:38,013 [WARN] PackLoader:238 - Cannot read IP mode file for RoweBots.I-CUBE-UNISONRTOS.5.5.0-4
2023-01-03 14:21:38,089 [WARN] PackLoader:238 - Cannot read IP mode file for STMicroelectronics.X-CUBE-AZRTOS-H7.2.1.0
2023-01-03 14:21:38,097 [WARN] PackLoader:238 - Cannot read IP mode file for STMicroelectronics.X-CUBE-TOUCHGFX.4.21.0
2023-01-03 14:21:38,113 [WARN] PackLoader:238 - Cannot read IP mode file for STMicroelectronics.X-CUBE-BLEMGR.1.0.0
2023-01-03 14:21:38,146 [WARN] PackLoader:238 - Cannot read IP mode file for STMicroelectronics.X-CUBE-MEMS1.9.4.0
2023-01-03 14:21:38,319 [WARN] PackLoader:238 - Cannot read IP mode file for STMicroelectronics.X-CUBE-AI.7.3.0
2023-01-03 14:21:38,424 [WARN] PackLoader:238 - Cannot read IP mode file for STMicroelectronics.X-CUBE-ALGOBUILD.1.3.0
2023-01-03 14:21:38,440 [WARN] PackLoader:238 - Cannot read IP mode file for STMicroelectronics.X-CUBE-AZRTOS-L5.1.1.0
2023-01-03 14:21:38,486 [WARN] PackLoader:238 - Cannot read IP mode file for STMicroelectronics.X-CUBE-AZRTOS-G0.1.1.0
2023-01-03 14:21:38,518 [WARN] PackLoader:238 - Cannot read IP mode file for STMicroelectronics.X-CUBE-SUBG2.5.0.0
2023-01-03 14:21:38,600 [WARN] PackLoader:238 - Cannot read IP mode file for SEGGER.I-CUBE-embOS.1.2.0
2023-01-03 14:21:38,632 [WARN] PackLoader:238 - Cannot read IP mode file for STMicroelectronics.FP-ATR-ASTRA1.1.1.1
2023-01-03 14:21:38,640 [WARN] PackLoader:238 - Cannot read IP mode file for STMicroelectronics.X-CUBE-BLEMGR.1.3.0
2023-01-03 14:21:38,671 [WARN] PackLoader:238 - Cannot read IP mode file for STMicroelectronics.X-CUBE-AZRTOS-G4.1.0.0
2023-01-03 14:21:38,680 [WARN] PackLoader:238 - Cannot read IP mode file for STMicroelectronics.FP-ATR-SIGFOX1.3.2.0
2023-01-03 14:21:38,728 [WARN] PackLoader:238 - Cannot read IP mode file for STMicroelectronics.X-CUBE-AZRTOS-L4.1.0.0
2023-01-03 14:21:38,743 [WARN] PackLoader:238 - Cannot read IP mode file for emotas.I-CUBE-CANOPEN.1.1.2
2023-01-03 14:21:38,749 [WARN] PackLoader:238 - Cannot read IP mode file for STMicroelectronics.X-CUBE-TOUCHGFX.4.20.0
2023-01-03 14:21:38,773 [WARN] PackLoader:238 - Cannot read IP mode file for STMicroelectronics.X-CUBE-AZRTOS-WL.1.0.0
2023-01-03 14:21:38,789 [WARN] PackLoader:238 - Cannot read IP mode file for portGmbH.I-Cube-SoM-uGOAL.1.1.0
2023-01-03 14:21:38,797 [WARN] PackLoader:238 - Cannot read IP mode file for STMicroelectronics.X-CUBE-ALS.1.0.1
2023-01-03 14:21:38,813 [WARN] PackLoader:238 - Cannot read IP mode file for STMicroelectronics.X-CUBE-AZRTOS-WB.1.1.0
2023-01-03 14:21:38,838 [WARN] PackLoader:238 - Cannot read IP mode file for STMicroelectronics.X-CUBE-AZRTOS-L5.1.0.0
2023-01-03 14:21:38,855 [WARN] PackLoader:238 - Cannot read IP mode file for STMicroelectronics.X-CUBE-EEPRMA1.3.1.1
2023-01-03 14:21:38,863 [INFO] ThirdParty:915 - Integrity check success = true
2023-01-03 14:21:38,863 [INFO] IntegrityCheckThread:94 - exiting critical section [integrity check]
2023-01-03 14:21:38,863 [INFO] IntegrityCheckThread:97 - End integrity checks thread
2023-01-03 14:21:44,882 [INFO] McuFinderGlobals:52 - Set McuFinderConnectedMode to false
2023-01-03 14:21:45,035 [INFO] CrossSelectorPresenter:1330 - Cross Selector saved comparison directory: C:\Users\matis\.stmcufinder\plugins\mcufinder\mcu\cs_comparisons_mx
2023-01-03 14:21:45,035 [INFO] MultiScanPanel:197 - Auto-refresh data requested => check proxy status ongoing
2023-01-03 14:21:45,043 [INFO] MultiScanPanel:201 - Proxy status is invalid
2023-01-03 14:21:45,044 [INFO] FinderPluginLoader:87 - Searching for filters in installed packs
2023-01-03 14:21:45,044 [INFO] DbMcusXml:100 - Load MCU database from D:\Workspace_DEEP\STM32CubeIDE_1.7.0\STM32CubeIDE\plugins\com.st.stm32cube.common.mx_6.3.0.202107141111\\db\/mcu/families.xml
2023-01-03 14:21:45,848 [INFO] DbMcusJson:93 - JSON generation date=Tue Nov 16 17:17:54 CET 2021 (1637079474)
2023-01-03 14:21:46,529 [INFO] DbMcus:175 - Found 1951 MCUs (1903 are supported by CubeMX, 1914 are visible in CubeMX)
2023-01-03 14:21:46,529 [INFO] ApiDb:251 - Load user favorites file C:\Users\matis/.stm32cubeide/favorites.mcus.txt: 0 item(s)
2023-01-03 14:21:46,529 [INFO] ApiDb:255 - User favorites MCUs=[]
2023-01-03 14:21:46,529 [INFO] DbMcus:187 - Set 0 / 0 favorites MCUs
2023-01-03 14:21:47,128 [INFO] DetailPanel:309 - Set advertising image to C:/Users/matis/STM32Cube/Repository/\en.Prom_NBSTM32U50921.jpg
2023-01-03 14:21:47,583 [INFO] DbBoardsPdsc:90 - Found 25 items
2023-01-03 14:21:47,583 [INFO] DbBoardsPdsc:90 - Found 9 items
2023-01-03 14:21:47,590 [INFO] DbBoardsPdsc:90 - Found 33 items
2023-01-03 14:21:47,592 [INFO] DbBoardsPdsc:90 - Found 1 items
2023-01-03 14:21:47,594 [INFO] DbBoardsPdsc:90 - Found 48 items
2023-01-03 14:21:47,604 [INFO] DbBoardsPdsc:90 - Found 43 items
2023-01-03 14:21:47,606 [INFO] DbBoardsPdsc:90 - Found 2 items
2023-01-03 14:21:47,606 [INFO] DbBoardsPdsc:90 - Found 5 items
2023-01-03 14:21:47,606 [WARN] DbBoardsPdsc:254 - Board STM32H7B3I-DK: unknown feature type=Audio, name=, username=Audio stereo codec with Headphone Amp (CS42L51-CNZ), n=1
2023-01-03 14:21:47,606 [WARN] DbBoardsPdsc:254 - Board STM32H735G-DK: unknown feature type=Audio, name=, username=Audio stereo codec with Headphone Amp (WM8994ECS/R), n=1
2023-01-03 14:21:47,606 [WARN] DbBoardsPdsc:254 - Board STM32H7B3I-EVAL: unknown feature type=Audio, name=, username=Multi-Channel Audio Codec (CS42L51-CNZ), n=1
2023-01-03 14:21:47,606 [WARN] DbBoardsPdsc:254 - Board STM32H7B3I-EVAL: unknown feature type=Meter, name=, username=Power-metering and Temperature-monitoring with sigma-delta modulators, n=1
2023-01-03 14:21:47,606 [WARN] DbBoardsPdsc:254 - Board STM32H7B3I-EVAL: unknown feature type=Motor, name=, username=Motor Control, n=1
2023-01-03 14:21:47,614 [WARN] DbBoardsPdsc:254 - Board STM32U575I-EV: unknown feature type=joystick, name=, username=4-direction joystick with selection button, n=1
2023-01-03 14:21:47,628 [INFO] DbBoardsJson:86 - JSON generation date=Tue Nov 16 17:17:54 CET 2021 (1637079474)
2023-01-03 14:21:47,628 [INFO] DbBoards:117 - Found 167 boards (163 are supported by CubeMX)
2023-01-03 14:21:47,636 [INFO] DbBoardsDocs:143 - JSON generation date=Tue Nov 16 17:17:54 CET 2021 (1637079474)
2023-01-03 14:21:47,636 [INFO] DbBoardsDocs:79 - Found 209 boards documents
2023-01-03 14:21:47,636 [WARN] DbBoards:127 - board B-L475E-IOT01A2 has no document id list !
2023-01-03 14:21:47,636 [WARN] DbBoards:127 - board NUCLEO-H743ZI has no document id list !
2023-01-03 14:21:47,636 [WARN] DbBoards:127 - board NUCLEO-WL55JC2 has no document id list !
2023-01-03 14:21:47,636 [WARN] DbBoards:127 - board P-NUCLEO-WB55-Nucleo has no document id list !
2023-01-03 14:21:47,636 [WARN] DbBoards:127 - board P-NUCLEO-WB55-USBDongle has no document id list !
2023-01-03 14:21:47,636 [WARN] DbBoards:127 - board STEVAL-BFA001V1B has no document id list !
2023-01-03 14:21:47,636 [WARN] DbBoards:127 - board STEVAL-BFA001V2B has no document id list !
2023-01-03 14:21:47,636 [WARN] DbBoards:127 - board STEVAL-IDP005V1 has no document id list !
2023-01-03 14:21:47,636 [WARN] DbBoards:127 - board STEVAL-IDP005V2 has no document id list !
2023-01-03 14:21:47,636 [WARN] DbBoards:127 - board STEVAL-MKSBOX1V1 has no document id list !
2023-01-03 14:21:47,636 [WARN] DbBoards:127 - board STEVAL-STWINKT1 has no document id list !
2023-01-03 14:21:47,636 [WARN] DbBoards:127 - board STEVAL-STWINKT1B has no document id list !
2023-01-03 14:21:47,636 [WARN] DbBoards:127 - board STM32439I-EVAL2 has no document id list !
2023-01-03 14:21:47,636 [WARN] DbBoards:127 - board STM32F401C-DISCO has no document id list !
2023-01-03 14:21:47,644 [WARN] DbBoards:127 - board STM32F769I-DISC1 has no document id list !
2023-01-03 14:21:47,644 [WARN] DbBoards:127 - board STM32G474E-EVAL1 has no document id list !
2023-01-03 14:21:47,644 [WARN] DbBoards:127 - board STM32H743I-EVAL2 has no document id list !
2023-01-03 14:21:47,644 [WARN] DbBoards:127 - board STM32H747I-DISC1 has no document id list !
2023-01-03 14:21:47,644 [WARN] DbBoards:127 - board STM32H753I-EVAL2 has no document id list !
2023-01-03 14:21:47,644 [WARN] DbBoards:127 - board STM32L-DISCOVERY has no document id list !
2023-01-03 14:21:47,790 [ERROR] DbBoards:189 - Image file not found for board B-U585I-IOT02A: D:\Workspace_DEEP\STM32CubeIDE_1.7.0\STM32CubeIDE\plugins\com.st.stm32cube.common.mx_6.3.0.202107141111\\db\/plugins/mcufinder/images/boards/B-U585I-IOT02A_small.jpg
2023-01-03 14:21:47,930 [ERROR] DbBoards:189 - Image file not found for board NUCLEO-F413ZH: D:\Workspace_DEEP\STM32CubeIDE_1.7.0\STM32CubeIDE\plugins\com.st.stm32cube.common.mx_6.3.0.202107141111\\db\/plugins/mcufinder/images/boards/nucleo-f413zh_small.jpg
2023-01-03 14:21:48,213 [ERROR] DbBoards:189 - Image file not found for board NUCLEO-L552ZE-Q: D:\Workspace_DEEP\STM32CubeIDE_1.7.0\STM32CubeIDE\plugins\com.st.stm32cube.common.mx_6.3.0.202107141111\\db\/plugins/mcufinder/images/boards/nucleo_l552ze_q_small.jpg
2023-01-03 14:21:48,213 [ERROR] DbBoards:189 - Image file not found for board NUCLEO-U575ZI-Q: D:\Workspace_DEEP\STM32CubeIDE_1.7.0\STM32CubeIDE\plugins\com.st.stm32cube.common.mx_6.3.0.202107141111\\db\/plugins/mcufinder/images/boards/nucleo-u575zi-q_small.jpg
2023-01-03 14:21:48,213 [ERROR] DbBoards:189 - Image file not found for board NUCLEO-WB15CC: D:\Workspace_DEEP\STM32CubeIDE_1.7.0\STM32CubeIDE\plugins\com.st.stm32cube.common.mx_6.3.0.202107141111\\db\/plugins/mcufinder/images/boards/nucleo-wb15cc_small.jpg
2023-01-03 14:21:48,213 [ERROR] DbBoards:189 - Image file not found for board NUCLEO-WB55RG: D:\Workspace_DEEP\STM32CubeIDE_1.7.0\STM32CubeIDE\plugins\com.st.stm32cube.common.mx_6.3.0.202107141111\\db\/plugins/mcufinder/images/boards/nucleo-wb55rg_small.jpg
2023-01-03 14:21:49,641 [INFO] ApiDb:251 - Load user favorites file C:\Users\matis/.stm32cubeide/favorites.boards.txt: 0 item(s)
2023-01-03 14:21:49,641 [INFO] ApiDb:255 - User favorites Boards=[]
2023-01-03 14:21:49,641 [INFO] DbBoards:206 - Set 0 / 0 favorites Boards
2023-01-03 14:22:32,855 [INFO] McuFinderGlobals:52 - Set McuFinderConnectedMode to true
2023-01-03 14:22:33,043 [INFO] ApiDb:276 - Save user favorites file C:\Users\matis/.stm32cubeide/favorites.mcus.txt: 0 item(s)
2023-01-03 14:22:33,043 [INFO] ApiDb:280 - User favorites MCUs=[]
